<?xml version="1.0" encoding="UTF-8"?>
<testng-results ignored="0" total="1" passed="1" failed="0" skipped="0">
  <reporter-output>
  </reporter-output>
  <suite started-at="2022-08-24T22:03:23 IST" name="Suite" finished-at="2022-08-24T22:03:40 IST" duration-ms="17261">
    <groups>
    </groups>
    <test started-at="2022-08-24T22:03:23 IST" name="Test" finished-at="2022-08-24T22:03:40 IST" duration-ms="17261">
      <class name="siva.Hyr">
        <test-method signature="main()[pri:0, instance:siva.Hyr@b9b00e0]" started-at="2022-08-24T22:03:23 IST" name="main" finished-at="2022-08-24T22:03:40 IST" duration-ms="17193" status="PASS">
          <reporter-output>
          </reporter-output>
        </test-method> <!-- main -->
      </class> <!-- siva.Hyr -->
    </test> <!-- Test -->
  </suite> <!-- Suite -->
</testng-results>
