<?xml version="1.0" encoding="UTF-8"?>
<testng-results ignored="0" total="2" passed="2" failed="0" skipped="0">
  <reporter-output>
  </reporter-output>
  <suite started-at="2022-08-24T01:28:38 IST" name="Suite" finished-at="2022-08-24T01:29:20 IST" duration-ms="41667">
    <groups>
    </groups>
    <test started-at="2022-08-24T01:28:38 IST" name="Test" finished-at="2022-08-24T01:29:20 IST" duration-ms="41667">
      <class name="selenium_interview.File_Download">
        <test-method signature="main()[pri:0, instance:selenium_interview.File_Download@1b11171f]" started-at="2022-08-24T01:28:38 IST" name="main" finished-at="2022-08-24T01:28:54 IST" duration-ms="15980" status="PASS">
          <reporter-output>
          </reporter-output>
        </test-method> <!-- main -->
      </class> <!-- selenium_interview.File_Download -->
      <class name="siva.Hyr">
        <test-method signature="main()[pri:0, instance:siva.Hyr@7db12bb6]" started-at="2022-08-24T01:28:54 IST" name="main" finished-at="2022-08-24T01:29:20 IST" duration-ms="25601" status="PASS">
          <reporter-output>
          </reporter-output>
        </test-method> <!-- main -->
      </class> <!-- siva.Hyr -->
    </test> <!-- Test -->
  </suite> <!-- Suite -->
</testng-results>
